[ 2026-06-18 22:58:48,397 ] httpx - INFO - HTTP Request: POST https://dagshub.com/login/oauth/middleman "HTTP/1.1 200 OK"
[ 2026-06-18 22:58:49,207 ] httpx - INFO - HTTP Request: POST https://dagshub.com/login/oauth/access_token "HTTP/1.1 200 OK"
[ 2026-06-18 22:58:50,269 ] httpx - INFO - HTTP Request: GET https://dagshub.com/api/v1/user "HTTP/1.1 200 OK"
[ 2026-06-18 22:58:50,272 ] dagshub - INFO - Accessing as Var-TerminalWizard
[ 2026-06-18 22:58:51,201 ] httpx - INFO - HTTP Request: GET https://dagshub.com/api/v1/repos/Var-TerminalWizard/network_security "HTTP/1.1 200 OK"
[ 2026-06-18 22:58:52,021 ] httpx - INFO - HTTP Request: GET https://dagshub.com/api/v1/user "HTTP/1.1 200 OK"
[ 2026-06-18 22:58:52,024 ] dagshub - INFO - Initialized MLflow to track repo "Var-TerminalWizard/network_security"
[ 2026-06-18 22:58:52,025 ] dagshub - INFO - Repository Var-TerminalWizard/network_security initialized!
[ 2026-06-18 22:58:56,397 ] root - INFO - Performed train test split on the dataframe
[ 2026-06-18 22:58:56,397 ] root - INFO - Exited split_data_as_train_test method of Data_Ingestion class
[ 2026-06-18 22:58:56,398 ] root - INFO - Exporting train and test file path.
[ 2026-06-18 22:58:56,457 ] root - INFO - Exported train and test file path.
[ 2026-06-18 22:58:56,458 ] root - INFO - Data validation started
[ 2026-06-18 22:58:56,466 ] root - INFO - Initiate Data validation
[ 2026-06-18 22:58:56,529 ] root - INFO - Required number of columns: 31
[ 2026-06-18 22:58:56,529 ] root - INFO - Dataframe has columns: Index(['having_IP_Address', 'URL_Length', 'Shortining_Service',
       'having_At_Symbol', 'double_slash_redirecting', 'Prefix_Suffix',
       'having_Sub_Domain', 'SSLfinal_State', 'Domain_registeration_length',
       'Favicon', 'port', 'HTTPS_token', 'Request_URL', 'URL_of_Anchor',
       'Links_in_tags', 'SFH', 'Submitting_to_email', 'Abnormal_URL',
       'Redirect', 'on_mouseover', 'RightClick', 'popUpWidnow', 'Iframe',
       'age_of_domain', 'DNSRecord', 'web_traffic', 'Page_Rank',
       'Google_Index', 'Links_pointing_to_page', 'Statistical_report',
       'Result'],
      dtype='object')
[ 2026-06-18 22:58:56,529 ] root - INFO - Required number of columns: 31
[ 2026-06-18 22:58:56,530 ] root - INFO - Dataframe has columns: Index(['having_IP_Address', 'URL_Length', 'Shortining_Service',
       'having_At_Symbol', 'double_slash_redirecting', 'Prefix_Suffix',
       'having_Sub_Domain', 'SSLfinal_State', 'Domain_registeration_length',
       'Favicon', 'port', 'HTTPS_token', 'Request_URL', 'URL_of_Anchor',
       'Links_in_tags', 'SFH', 'Submitting_to_email', 'Abnormal_URL',
       'Redirect', 'on_mouseover', 'RightClick', 'popUpWidnow', 'Iframe',
       'age_of_domain', 'DNSRecord', 'web_traffic', 'Page_Rank',
       'Google_Index', 'Links_pointing_to_page', 'Statistical_report',
       'Result'],
      dtype='object')
[ 2026-06-18 22:58:56,676 ] root - INFO - Data validation completed
[ 2026-06-18 22:58:56,676 ] root - INFO - Data transformation started
[ 2026-06-18 22:58:56,676 ] root - INFO - Entered initiate_data_transformation method of DataTransformation class
[ 2026-06-18 22:58:56,676 ] root - INFO - Starting data transformation
[ 2026-06-18 22:58:56,737 ] root - INFO - Entered get_data_trnasformer_object method of Trnasformation class
[ 2026-06-18 22:58:56,738 ] root - INFO - Initialise KNNImputer with {'missing_values': nan, 'n_neighbors': 3, 'weights': 'uniform'}
[ 2026-06-18 22:58:56,747 ] root - INFO - Entered the save_object method of main_utils class
[ 2026-06-18 22:58:56,749 ] root - INFO - Entered the save_object method of main_utils class
[ 2026-06-18 22:58:56,752 ] root - INFO - Data transformation completed
[ 2026-06-18 22:58:56,752 ] root - INFO - Model Training started
[ 2026-06-18 23:02:40,955 ] root - INFO - Entered the save_object method of main_utils class
[ 2026-06-18 23:02:40,957 ] root - INFO - Entered the save_object method of main_utils class
[ 2026-06-18 23:02:41,011 ] root - INFO - Model trainer artifact: ModelTrainerArtifact(trained_model_file_path='artifacts\\18_06_2026_22_58_52\\model_trainer\\trained_model\\model.pkl', train_metric_artifact=ClassificationMetricArtifact(f1_score=0.9914045909596522, precision_score=0.9877090469474108, recall_score=0.9951278928136419), test_metric_artifact=ClassificationMetricArtifact(f1_score=0.9778672032193159, precision_score=0.9688995215311005, recall_score=0.9870024370430545))
[ 2026-06-18 23:02:41,015 ] root - INFO - Model Training artifact created
